Logfile initialized
[INFO] logfile = /Users/hatone/Documents/Titanium Studio Workspace/vibee/build.log
[DEBUG] /Users/hatone/Library/Application Support/Titanium/mobilesdk/osx/1.7.5/android/builder.py install vibee /Developer/android-sdk-macosx /Users/hatone/Documents/Titanium Studio Workspace/vibee net.hakamastyle.app.vibee 4
[INFO] Titanium SDK version: 1.7.5 (11/02/11 17:00 ab20af7)
[DEBUG] Waiting for device to be ready ...
[TRACE] adb devices returned 1 devices/emulators
[DEBUG] Device connected... (waited 0 seconds)
[DEBUG] waited 0.012528 seconds on emulator to get ready
[DEBUG] net.hakamastyle.app.vibee installed? False
[INFO] Copying project resources..
[TRACE] COPYING MODIFIED FILE: /Users/hatone/Documents/Titanium Studio Workspace/vibee/Resources/sounds/0.mp3 => /Users/hatone/Documents/Titanium Studio Workspace/vibee/build/android/bin/assets/Resources/sounds/0.mp3
[TRACE] COPYING MODIFIED FILE: /Users/hatone/Documents/Titanium Studio Workspace/vibee/Resources/sounds/1.mp3 => /Users/hatone/Documents/Titanium Studio Workspace/vibee/build/android/bin/assets/Resources/sounds/1.mp3
[TRACE] COPYING MODIFIED FILE: /Users/hatone/Documents/Titanium Studio Workspace/vibee/Resources/sounds/2.mp3 => /Users/hatone/Documents/Titanium Studio Workspace/vibee/build/android/bin/assets/Resources/sounds/2.mp3
[TRACE] COPYING MODIFIED FILE: /Users/hatone/Documents/Titanium Studio Workspace/vibee/Resources/sounds/3.mp3 => /Users/hatone/Documents/Titanium Studio Workspace/vibee/build/android/bin/assets/Resources/sounds/3.mp3
[TRACE] COPYING MODIFIED FILE: /Users/hatone/Documents/Titanium Studio Workspace/vibee/Resources/sounds/4.mp3 => /Users/hatone/Documents/Titanium Studio Workspace/vibee/build/android/bin/assets/Resources/sounds/4.mp3
[TRACE] COPYING MODIFIED FILE: /Users/hatone/Documents/Titanium Studio Workspace/vibee/Resources/sounds/5.mp3 => /Users/hatone/Documents/Titanium Studio Workspace/vibee/build/android/bin/assets/Resources/sounds/5.mp3
[TRACE] COPYING MODIFIED FILE: /Users/hatone/Documents/Titanium Studio Workspace/vibee/Resources/sounds/6.mp3 => /Users/hatone/Documents/Titanium Studio Workspace/vibee/build/android/bin/assets/Resources/sounds/6.mp3
[TRACE] COPYING MODIFIED FILE: /Users/hatone/Documents/Titanium Studio Workspace/vibee/Resources/sounds/7.mp3 => /Users/hatone/Documents/Titanium Studio Workspace/vibee/build/android/bin/assets/Resources/sounds/7.mp3
[TRACE] COPYING MODIFIED FILE: /Users/hatone/Documents/Titanium Studio Workspace/vibee/Resources/sounds/8.mp3 => /Users/hatone/Documents/Titanium Studio Workspace/vibee/build/android/bin/assets/Resources/sounds/8.mp3
[INFO] Tiapp.xml unchanged, skipping class generation
[DEBUG] Processing Android resource drawables
[DEBUG] found special platform files dir = /Users/hatone/Documents/Titanium Studio Workspace/vibee/platform/android
[INFO] Copying platform-specific files ...
[DEBUG] creating unsigned apk: /Users/hatone/Documents/Titanium Studio Workspace/vibee/build/android/bin/app-unsigned.apk
[DEBUG] from resource zip => assets/Resources/images/logotest.png
[DEBUG] from resource zip => assets/Resources/sounds/0.mp3
[DEBUG] from resource zip => assets/Resources/sounds/1.mp3
[DEBUG] from resource zip => assets/Resources/sounds/2.mp3
[DEBUG] from resource zip => assets/Resources/sounds/3.mp3
[DEBUG] from resource zip => assets/Resources/sounds/4.mp3
[DEBUG] from resource zip => assets/Resources/sounds/5.mp3
[DEBUG] from resource zip => assets/Resources/sounds/6.mp3
[DEBUG] from resource zip => assets/Resources/sounds/7.mp3
[DEBUG] from resource zip => assets/Resources/sounds/8.mp3
[DEBUG] from resource zip => assets/Resources/KS_nav_ui.png
[DEBUG] from resource zip => assets/Resources/KS_nav_views.png
[DEBUG] from resource zip => assets/Resources/app.js
[DEBUG] from resource zip => assets/Resources/appicon.png
[DEBUG] from resource zip => assets/Resources/connect.js
[DEBUG] from resource zip => assets/Resources/default.png
[DEBUG] from resource zip => assets/Resources/hoge.js
[DEBUG] from resource zip => assets/Resources/logotest.png
[DEBUG] from resource zip => assets/tiapp.xml
[DEBUG] from resource zip => res/drawable/appicon.png
[DEBUG] from resource zip => res/drawable/background.png
[DEBUG] from resource zip => res/layout/titanium_tabgroup.xml
[DEBUG] from resource zip => AndroidManifest.xml
[DEBUG] from resource zip => resources.arsc
[DEBUG] from JAR /Users/hatone/Library/Application Support/Titanium/mobilesdk/osx/1.7.5/android/smalljs.jar => org/mozilla/javascript/resources/Messages.properties
[DEBUG] from JAR /Users/hatone/Library/Application Support/Titanium/mobilesdk/osx/1.7.5/android/smalljs.jar => org/mozilla/javascript/resources/Messages_fr.properties
[DEBUG] from JAR /Users/hatone/Library/Application Support/Titanium/mobilesdk/osx/1.7.5/android/modules/titanium-ui.jar => ti/modules/titanium/ui/widget/webview/binding.js
[DEBUG] from JAR /Users/hatone/Library/Application Support/Titanium/mobilesdk/osx/1.7.5/android/modules/titanium-ui.jar => ti/modules/titanium/ui/widget/webview/binding.min.js
[DEBUG] from JAR /Users/hatone/Library/Application Support/Titanium/mobilesdk/osx/1.7.5/android/modules/titanium-ui.jar => ti/modules/titanium/ui/widget/webview/json2.js
[DEBUG] from JAR /Users/hatone/Library/Application Support/Titanium/mobilesdk/osx/1.7.5/android/titanium.jar => org/apache/Commons-NOTICE.txt
[DEBUG] from JAR /Users/hatone/Library/Application Support/Titanium/mobilesdk/osx/1.7.5/android/titanium.jar => org/apache/HttpComponents-NOTICE.txt
[DEBUG] from JAR /Users/hatone/Library/Application Support/Titanium/mobilesdk/osx/1.7.5/android/titanium.jar => org/apache/mime4j-NOTICE.txt
[DEBUG] from JAR /Users/hatone/Library/Application Support/Titanium/mobilesdk/osx/1.7.5/android/titanium.jar => org/appcelerator/titanium/build.properties
[DEBUG] from JAR /Users/hatone/Library/Application Support/Titanium/mobilesdk/osx/1.7.5/android/titanium.jar => org/appcelerator/titanium/res/drawable/background.png
[DEBUG] from JAR /Users/hatone/Library/Application Support/Titanium/mobilesdk/osx/1.7.5/android/titanium.jar => org/appcelerator/titanium/res/drawable/btn_check_buttonless_on.png
[DEBUG] from JAR /Users/hatone/Library/Application Support/Titanium/mobilesdk/osx/1.7.5/android/titanium.jar => org/appcelerator/titanium/res/drawable/btn_check_buttonless_on_18.png
[DEBUG] from JAR /Users/hatone/Library/Application Support/Titanium/mobilesdk/osx/1.7.5/android/titanium.jar => org/appcelerator/titanium/res/drawable/btn_check_buttonless_on_48.png
[DEBUG] from JAR /Users/hatone/Library/Application Support/Titanium/mobilesdk/osx/1.7.5/android/titanium.jar => org/appcelerator/titanium/res/drawable/btn_more.png
[DEBUG] from JAR /Users/hatone/Library/Application Support/Titanium/mobilesdk/osx/1.7.5/android/titanium.jar => org/appcelerator/titanium/res/drawable/btn_more_18.png
[DEBUG] from JAR /Users/hatone/Library/Application Support/Titanium/mobilesdk/osx/1.7.5/android/titanium.jar => org/appcelerator/titanium/res/drawable/btn_more_48.png
[DEBUG] from JAR /Users/hatone/Library/Application Support/Titanium/mobilesdk/osx/1.7.5/android/titanium.jar => org/appcelerator/titanium/res/drawable/btn_picker_normal.9.png
[DEBUG] from JAR /Users/hatone/Library/Application Support/Titanium/mobilesdk/osx/1.7.5/android/titanium.jar => org/appcelerator/titanium/res/drawable/btn_picker_pressed.9.png
[DEBUG] from JAR /Users/hatone/Library/Application Support/Titanium/mobilesdk/osx/1.7.5/android/titanium.jar => org/appcelerator/titanium/res/drawable/btn_picker_selected.9.png
[DEBUG] from JAR /Users/hatone/Library/Application Support/Titanium/mobilesdk/osx/1.7.5/android/titanium.jar => org/appcelerator/titanium/res/drawable/default_icon.png
[DEBUG] from JAR /Users/hatone/Library/Application Support/Titanium/mobilesdk/osx/1.7.5/android/titanium.jar => org/appcelerator/titanium/res/drawable/photoDefault.png
[DEBUG] Waiting for device to be ready ...
[TRACE] adb devices returned 1 devices/emulators
[DEBUG] Device connected... (waited 0 seconds)
[DEBUG] waited 0.012689 seconds on emulator to get ready
[INFO] Installing application on emulator
[INFO] Application installed. Launch from drawer on Home Screen
